  main.cpp
  ofApp.cpp
  ofxOscBundle.cpp
  ofxOscMessage.cpp
  ofxOscParameterSync.cpp
  ofxOscReceiver.cpp
  ofxOscSender.cpp
  IpEndpointName.cpp
..\..\..\addons\ofxOsc\libs\oscpack\src\ip\IpEndpointName.cpp(54): warning C4996: 'sprintf': This function or variable may be unsafe. Consider using sprintf_s instead. To disable deprecation, use _CRT_SECURE_NO_WARNINGS. See online help for details.
  C:\Program Files (x86)\Windows Kits\10\Include\10.0.10240.0\ucrt\stdio.h(1769): note: see declaration of 'sprintf'
..\..\..\addons\ofxOsc\libs\oscpack\src\ip\IpEndpointName.cpp(56): warning C4996: 'sprintf': This function or variable may be unsafe. Consider using sprintf_s instead. To disable deprecation, use _CRT_SECURE_NO_WARNINGS. See online help for details.
  C:\Program Files (x86)\Windows Kits\10\Include\10.0.10240.0\ucrt\stdio.h(1769): note: see declaration of 'sprintf'
..\..\..\addons\ofxOsc\libs\oscpack\src\ip\IpEndpointName.cpp(69): warning C4996: 'sprintf': This function or variable may be unsafe. Consider using sprintf_s instead. To disable deprecation, use _CRT_SECURE_NO_WARNINGS. See online help for details.
  C:\Program Files (x86)\Windows Kits\10\Include\10.0.10240.0\ucrt\stdio.h(1769): note: see declaration of 'sprintf'
..\..\..\addons\ofxOsc\libs\oscpack\src\ip\IpEndpointName.cpp(71): warning C4996: 'sprintf': This function or variable may be unsafe. Consider using sprintf_s instead. To disable deprecation, use _CRT_SECURE_NO_WARNINGS. See online help for details.
  C:\Program Files (x86)\Windows Kits\10\Include\10.0.10240.0\ucrt\stdio.h(1769): note: see declaration of 'sprintf'
..\..\..\addons\ofxOsc\libs\oscpack\src\ip\IpEndpointName.cpp(79): warning C4996: 'sprintf': This function or variable may be unsafe. Consider using sprintf_s instead. To disable deprecation, use _CRT_SECURE_NO_WARNINGS. See online help for details.
  C:\Program Files (x86)\Windows Kits\10\Include\10.0.10240.0\ucrt\stdio.h(1769): note: see declaration of 'sprintf'
..\..\..\addons\ofxOsc\libs\oscpack\src\ip\IpEndpointName.cpp(81): warning C4996: 'sprintf': This function or variable may be unsafe. Consider using sprintf_s instead. To disable deprecation, use _CRT_SECURE_NO_WARNINGS. See online help for details.
  C:\Program Files (x86)\Windows Kits\10\Include\10.0.10240.0\ucrt\stdio.h(1769): note: see declaration of 'sprintf'
  NetworkingUtils.cpp
..\..\..\addons\ofxOsc\libs\oscpack\src\ip\win32\NetworkingUtils.cpp(88): warning C4996: 'gethostbyname': Use getaddrinfo() or GetAddrInfoW() instead or define _WINSOCK_DEPRECATED_NO_WARNINGS to disable deprecated API warnings
  C:\Program Files (x86)\Windows Kits\8.1\Include\um\winsock2.h(2238): note: see declaration of 'gethostbyname'
  UdpSocket.cpp
  OscOutboundPacketStream.cpp
..\..\..\addons\ofxOsc\libs\oscpack\src\osc\OscOutboundPacketStream.cpp(363): warning C4996: 'strcpy': This function or variable may be unsafe. Consider using strcpy_s instead. To disable deprecation, use _CRT_SECURE_NO_WARNINGS. See online help for details.
  C:\Program Files (x86)\Windows Kits\10\Include\10.0.10240.0\ucrt\string.h(119): note: see declaration of 'strcpy'
..\..\..\addons\ofxOsc\libs\oscpack\src\osc\OscOutboundPacketStream.cpp(605): warning C4996: 'strcpy': This function or variable may be unsafe. Consider using strcpy_s instead. To disable deprecation, use _CRT_SECURE_NO_WARNINGS. See online help for details.
  C:\Program Files (x86)\Windows Kits\10\Include\10.0.10240.0\ucrt\string.h(119): note: see declaration of 'strcpy'
..\..\..\addons\ofxOsc\libs\oscpack\src\osc\OscOutboundPacketStream.cpp(625): warning C4996: 'strcpy': This function or variable may be unsafe. Consider using strcpy_s instead. To disable deprecation, use _CRT_SECURE_NO_WARNINGS. See online help for details.
  C:\Program Files (x86)\Windows Kits\10\Include\10.0.10240.0\ucrt\string.h(119): note: see declaration of 'strcpy'
  OscPrintReceivedElements.cpp
..\..\..\addons\ofxOsc\libs\oscpack\src\osc\OscPrintReceivedElements.cpp(129): warning C4996: 'ctime': This function or variable may be unsafe. Consider using ctime_s instead. To disable deprecation, use _CRT_SECURE_NO_WARNINGS. See online help for details.
  C:\Program Files (x86)\Windows Kits\10\Include\10.0.10240.0\ucrt\time.h(475): note: see declaration of 'ctime'
  OscReceivedElements.cpp
  OscTypes.cpp
  ofxUI2DGraph.cpp
  ofxUI2DPad.cpp
  ofxUIBaseDraws.cpp
  ofxUIBiLabelSlider.cpp
  ofxUIButton.cpp
  ofxUICanvas.cpp
  ofxUICircleSlider.cpp
  ofxUIDragableLabelButton.cpp
  ofxUIDropDownList.cpp
  ofxUIEventArgs.cpp
  ofxUIFPS.cpp
  ofxUIFPSSlider.cpp
  ofxUIImage.cpp
  ofxUIImageButton.cpp
  ofxUIImageSampler.cpp
  ofxUIImageSlider.cpp
  ofxUIImageToggle.cpp
  ofxUILabel.cpp
  ofxUILabelButton.cpp
  ofxUILabelToggle.cpp
  ofxUIMinimalSlider.cpp
  ofxUIMovingGraph.cpp
  ofxUIMultiImageButton.cpp
  ofxUIMultiImageToggle.cpp
  ofxUINumberDialer.cpp
  ofxUIRadio.cpp
  ofxUIRangeSlider.cpp
  ofxUIRectangle.cpp
  ofxUIRotarySlider.cpp
  ofxUIScrollableCanvas.cpp
  ofxUISlider.cpp
  ofxUISortableList.cpp
  ofxUISpacer.cpp
  ofxUISpectrum.cpp
  ofxUISuperCanvas.cpp
  ofxUITabBar.cpp
  ofxUITextArea.cpp
  ofxUITextInput.cpp
  ofxUIToggle.cpp
  ofxUIToggleMatrix.cpp
  ofxUIValuePlotter.cpp
  ofxUIWaveform.cpp
  ofxUIWidget.cpp
  ofxUIWidgetWithLabel.cpp
  ofxXmlSettings.cpp
  tinyxml.cpp
  tinyxmlerror.cpp
  tinyxmlparser.cpp
     Creating library bin\notationClientWin_debug.lib and object bin\notationClientWin_debug.exp
  notationClientWin.vcxproj -> \\Mac\Home\Downloads\of_v0.9.8_vs_release\apps\myApps\notationClientWin\bin\notationClientWin_debug.exe
  notationClientWin.vcxproj -> bin\notationClientWin_debug.pdb (Full PDB)
  
  	                   9	\\Mac\Home\Downloads\of_v0.9.8_vs_release\export\vs\Win32\
  	    New File  		 2939392	\\Mac\Home\Downloads\of_v0.9.8_vs_release\export\vs\Win32\assimp.dll
  	    New File  		 1266176	\\Mac\Home\Downloads\of_v0.9.8_vs_release\export\vs\Win32\fmodex.dll
  	    New File  		 1312768	\\Mac\Home\Downloads\of_v0.9.8_vs_release\export\vs\Win32\fmodexL.dll
  	    New File  		 5647872	\\Mac\Home\Downloads\of_v0.9.8_vs_release\export\vs\Win32\FreeImage.dll
  	    New File  		  580608	\\Mac\Home\Downloads\of_v0.9.8_vs_release\export\vs\Win32\freetype.dll
  	    New File  		  237568	\\Mac\Home\Downloads\of_v0.9.8_vs_release\export\vs\Win32\glut32.dll
  	    New File  		 1178624	\\Mac\Home\Downloads\of_v0.9.8_vs_release\export\vs\Win32\libeay32.dll
  	    New File  		  269824	\\Mac\Home\Downloads\of_v0.9.8_vs_release\export\vs\Win32\ssleay32.dll
  	    New File  		   69632	\\Mac\Home\Downloads\of_v0.9.8_vs_release\export\vs\Win32\Zlib.dll
